Using pre-set license
Built from '2020.3/staging' branch; Version is '2020.3.19f1 (68f137dc9bbe) revision 6877495'; Using compiler version '192528614'; Build Type 'Release'
OS: 'Windows 10 Home; OS build 22000.556; Version 2009; 64bit' Language: 'en' Physical Memory: 16204 MB
BatchMode: 1, IsHumanControllingUs: 0, StartBugReporterOnCrash: 0, Is64bit: 1, IsPro: 0

COMMAND LINE ARGUMENTS:
C:\Program Files\Unity\Hub\Editor\2020.3.19f1\Editor\Unity.exe
-adb2
-batchMode
-noUpm
-name
AssetImportWorker0
-projectPath
C:/Users/joppe/OneDrive/Documenten/GitHub/AppliedGames/AppliedGames
-logFile
Logs/AssetImportWorker0.log
-srvPort
51495
Successfully changed project path to: C:/Users/joppe/OneDrive/Documenten/GitHub/AppliedGames/AppliedGames
C:/Users/joppe/OneDrive/Documenten/GitHub/AppliedGames/AppliedGames
Using Asset Import Pipeline V2.
Refreshing native plugins compatible for Editor in 30.42 ms, found 2 plugins.
Preloading 0 native plugins for Editor in 0.00 ms.
Initialize engine version: 2020.3.19f1 (68f137dc9bbe)
[Subsystems] Discovering subsystems at path C:/Program Files/Unity/Hub/Editor/2020.3.19f1/Editor/Data/Resources/UnitySubsystems
[Subsystems] Discovering subsystems at path C:/Users/joppe/OneDrive/Documenten/GitHub/AppliedGames/AppliedGames/Assets
GfxDevice: creating device client; threaded=0
Direct3D:
    Version:  Direct3D 11.0 [level 11.1]
    Renderer: NVIDIA GeForce RTX 2060 (ID=0x1f15)
    Vendor:   
    VRAM:     5980 MB
    Driver:   26.21.14.4223
Initialize mono
Mono path[0] = 'C:/Program Files/Unity/Hub/Editor/2020.3.19f1/Editor/Data/Managed'
Mono path[1] = 'C:/Program Files/Unity/Hub/Editor/2020.3.19f1/Editor/Data/MonoBleedingEdge/lib/mono/unityjit'
Mono config path = 'C:/Program Files/Unity/Hub/Editor/2020.3.19f1/Editor/Data/MonoBleedingEdge/etc'
Using monoOptions --debugger-agent=transport=dt_socket,embedding=1,server=y,suspend=n,address=127.0.0.1:56092
Begin MonoManager ReloadAssembly
Registering precompiled unity dll's ...
Register platform support module: C:/Program Files/Unity/Hub/Editor/2020.3.19f1/Editor/Data/PlaybackEngines/WebGLSupport/UnityEditor.WebGL.Extensions.dll
Register platform support module: C:/Program Files/Unity/Hub/Editor/2020.3.19f1/Editor/Data/PlaybackEngines/WindowsStandaloneSupport/UnityEditor.WindowsStandalone.Extensions.dll
Registered in 0.001392 seconds.
Native extension for WindowsStandalone target not found
Native extension for WebGL target not found
Refreshing native plugins compatible for Editor in 29.29 ms, found 2 plugins.
Preloading 0 native plugins for Editor in 0.00 ms.
Mono: successfully reloaded assembly
- Completed reload, in  0.978 seconds
Domain Reload Profiling:
	ReloadAssembly (978ms)
		BeginReloadAssembly (51ms)
			ExecutionOrderSort (0ms)
			DisableScriptedObjects (0ms)
			BackupInstance (0ms)
			ReleaseScriptingObjects (0ms)
			CreateAndSetChildDomain (1ms)
		EndReloadAssembly (360ms)
			LoadAssemblies (49ms)
			RebuildTransferFunctionScriptingTraits (0ms)
			SetupTypeCache (132ms)
			ReleaseScriptCaches (0ms)
			RebuildScriptCaches (27ms)
			SetupLoadedEditorAssemblies (140ms)
				LogAssemblyErrors (0ms)
				InitializePlatformSupportModulesInManaged (4ms)
				SetLoadedEditorAssemblies (0ms)
				RefreshPlugins (29ms)
				BeforeProcessingInitializeOnLoad (12ms)
				ProcessInitializeOnLoadAttributes (70ms)
				ProcessInitializeOnLoadMethodAttributes (24ms)
				AfterProcessingInitializeOnLoad (0ms)
				EditorAssembliesLoaded (0ms)
			ExecutionOrderSort2 (0ms)
			AwakeInstancesAfterBackupRestoration (0ms)
Platform modules already initialized, skipping
Registering precompiled user dll's ...
Registered in 0.001995 seconds.
Begin MonoManager ReloadAssembly
Native extension for WindowsStandalone target not found
Native extension for WebGL target not found
Refreshing native plugins compatible for Editor in 0.30 ms, found 2 plugins.
Preloading 0 native plugins for Editor in 0.00 ms.
Mono: successfully reloaded assembly
- Completed reload, in  0.843 seconds
Domain Reload Profiling:
	ReloadAssembly (843ms)
		BeginReloadAssembly (125ms)
			ExecutionOrderSort (0ms)
			DisableScriptedObjects (4ms)
			BackupInstance (0ms)
			ReleaseScriptingObjects (0ms)
			CreateAndSetChildDomain (16ms)
		EndReloadAssembly (668ms)
			LoadAssemblies (71ms)
			RebuildTransferFunctionScriptingTraits (0ms)
			SetupTypeCache (231ms)
			ReleaseScriptCaches (0ms)
			RebuildScriptCaches (40ms)
			SetupLoadedEditorAssemblies (248ms)
				LogAssemblyErrors (0ms)
				InitializePlatformSupportModulesInManaged (6ms)
				SetLoadedEditorAssemblies (0ms)
				RefreshPlugins (0ms)
				BeforeProcessingInitializeOnLoad (70ms)
				ProcessInitializeOnLoadAttributes (159ms)
				ProcessInitializeOnLoadMethodAttributes (8ms)
				AfterProcessingInitializeOnLoad (3ms)
				EditorAssembliesLoaded (0ms)
			ExecutionOrderSort2 (0ms)
			AwakeInstancesAfterBackupRestoration (5ms)
Platform modules already initialized, skipping
========================================================================
Worker process is ready to serve import requests
Launched and connected shader compiler UnityShaderCompiler.exe after 0.06 seconds
Refreshing native plugins compatible for Editor in 0.33 ms, found 2 plugins.
Preloading 0 native plugins for Editor in 0.00 ms.
Unloading 1571 Unused Serialized files (Serialized files now loaded: 0)
System memory in use before: 72.4 MB.
System memory in use after: 72.5 MB.

Unloading 16 unused Assets to reduce memory usage. Loaded Objects now: 2008.
Total: 2.163200 ms (FindLiveObjects: 0.148100 ms CreateObjectMapping: 0.053200 ms MarkObjects: 1.912700 ms  DeleteObjects: 0.048500 ms)

AssetImportParameters requested are different than current active one (requested -> active):
  custom:framework-win-MediaFoundation: 216162199b28c13a410421893ffa2e32 -> 
  custom:video-decoder-ogg-theora: a1e56fd34408186e4bbccfd4996cb3dc -> 
  custom:container-muxer-webm: aa71ff27fc2769a1b78a27578f13a17b -> 
  custom:container-demuxer-webm: 4f35f7cbe854078d1ac9338744f61a02 -> 
  custom:container-demuxer-ogg: 62fdf1f143b41e24485cea50d1cbac27 -> 
  custom:video-encoder-webm-vp8: eb34c28f22e8b96e1ab97ce403110664 -> 
  custom:video-decoder-webm-vp8: 9c59270c3fd7afecdb556c50c9e8de78 -> 
  custom:audio-decoder-ogg-vorbis: bf7c407c2cedff20999df2af8eb42d56 -> 
  custom:audio-encoder-webm-vorbis: bf7c407c2cedff20999df2af8eb42d56 -> 
========================================================================
Received Import Request.
  path: Assets/SubProjects/MainAssignment/Scenes/Puzzel3Boris.unity
  artifactKey: Guid(67862879483d4bd49a8ce02716127724) Importer(815301076,1909f56bfc062723c751e8b465ee728b)
Start importing Assets/SubProjects/MainAssignment/Scenes/Puzzel3Boris.unity using Guid(67862879483d4bd49a8ce02716127724) Importer(815301076,1909f56bfc062723c751e8b465ee728b)  -> (artifact id: '73183006ad9f0fbf06ce8ba034ca59d9') in 0.013307 seconds 
  Import took 0.016283 seconds .

========================================================================
Received Import Request.
  Time since last request: 7.071764 seconds.
  path: Assets/SubProjects/MainAssignment/Scenes/Puzzel3Greet.unity
  artifactKey: Guid(76539c6029e742c4abd54f5318c18dc0) Importer(815301076,1909f56bfc062723c751e8b465ee728b)
Start importing Assets/SubProjects/MainAssignment/Scenes/Puzzel3Greet.unity using Guid(76539c6029e742c4abd54f5318c18dc0) Importer(815301076,1909f56bfc062723c751e8b465ee728b)  -> (artifact id: '2f195c9c5983da35b20be36d5595db42') in 0.007669 seconds 
  Import took 0.010365 seconds .

========================================================================
Received Import Request.
  Time since last request: 27.154041 seconds.
  path: Assets/SubProjects/MainAssignment/Scenes/Puzzel3Boris.unity
  artifactKey: Guid(67862879483d4bd49a8ce02716127724) Importer(815301076,1909f56bfc062723c751e8b465ee728b)
Start importing Assets/SubProjects/MainAssignment/Scenes/Puzzel3Boris.unity using Guid(67862879483d4bd49a8ce02716127724) Importer(815301076,1909f56bfc062723c751e8b465ee728b)  -> (artifact id: 'cf60d839476b8db38fbbb1275eb4d35e') in 0.003113 seconds 
  Import took 0.006293 seconds .

========================================================================
Received Import Request.
  Time since last request: 25.605435 seconds.
  path: Assets/SubProjects/MainAssignment/Scenes/Puzzel3Greet.unity
  artifactKey: Guid(76539c6029e742c4abd54f5318c18dc0) Importer(815301076,1909f56bfc062723c751e8b465ee728b)
Start importing Assets/SubProjects/MainAssignment/Scenes/Puzzel3Greet.unity using Guid(76539c6029e742c4abd54f5318c18dc0) Importer(815301076,1909f56bfc062723c751e8b465ee728b)  -> (artifact id: '548235d729cf7d4f4b5fe8db03155d1b') in 0.003555 seconds 
  Import took 0.006792 seconds .

========================================================================
Received Import Request.
  Time since last request: 95.261055 seconds.
  path: Assets/SubProjects/MainAssignment/Art/borishat_mon.png
  artifactKey: Guid(ad6a4cdb6c89305449f346e5bc37484b) Importer(815301076,1909f56bfc062723c751e8b465ee728b)
Start importing Assets/SubProjects/MainAssignment/Art/borishat_mon.png using Guid(ad6a4cdb6c89305449f346e5bc37484b) Importer(815301076,1909f56bfc062723c751e8b465ee728b)  -> (artifact id: '5d406993c6ab0a0476e83a5db67b1244') in 0.048914 seconds 
  Import took 0.051752 seconds .

========================================================================
Received Import Request.
  Time since last request: 0.000143 seconds.
  path: Assets/SubProjects/MainAssignment/Art/greetwedn.png
  artifactKey: Guid(19bea668105cca940ad2b6c5b5875109) Importer(815301076,1909f56bfc062723c751e8b465ee728b)
Start importing Assets/SubProjects/MainAssignment/Art/greetwedn.png using Guid(19bea668105cca940ad2b6c5b5875109) Importer(815301076,1909f56bfc062723c751e8b465ee728b)  -> (artifact id: 'b6f79ebadadd25bc111882d5da5d93f8') in 0.017650 seconds 
  Import took 0.020671 seconds .

========================================================================
Received Import Request.
  Time since last request: 0.000139 seconds.
  path: Assets/SubProjects/MainAssignment/Art/greet_hat1a2.png
  artifactKey: Guid(de00c596c9e73374e8f0a793cbf7b7f9) Importer(815301076,1909f56bfc062723c751e8b465ee728b)
Start importing Assets/SubProjects/MainAssignment/Art/greet_hat1a2.png using Guid(de00c596c9e73374e8f0a793cbf7b7f9) Importer(815301076,1909f56bfc062723c751e8b465ee728b)  -> (artifact id: '745dbaf1179b2b7097598e737fc1d4e7') in 0.022363 seconds 
  Import took 0.025388 seconds .

========================================================================
Received Import Request.
  Time since last request: 0.000193 seconds.
  path: Assets/SubProjects/MainAssignment/Art/greet_hat1a1.png
  artifactKey: Guid(69864d6614b667d4a99b87cd16f75b76) Importer(815301076,1909f56bfc062723c751e8b465ee728b)
Start importing Assets/SubProjects/MainAssignment/Art/greet_hat1a1.png using Guid(69864d6614b667d4a99b87cd16f75b76) Importer(815301076,1909f56bfc062723c751e8b465ee728b)  -> (artifact id: '0224a1e6a992e4bbc8b7ddfcc49d946c') in 0.010435 seconds 
  Import took 0.012760 seconds .

========================================================================
Received Import Request.
  Time since last request: 0.000231 seconds.
  path: Assets/SubProjects/MainAssignment/Art/greet_hat1a3.png
  artifactKey: Guid(a08fdd16550c61e4aa9ae47da2643e8b) Importer(815301076,1909f56bfc062723c751e8b465ee728b)
Start importing Assets/SubProjects/MainAssignment/Art/greet_hat1a3.png using Guid(a08fdd16550c61e4aa9ae47da2643e8b) Importer(815301076,1909f56bfc062723c751e8b465ee728b)  -> (artifact id: '7f94ac08623a40fdcf0b7c303da35ffc') in 0.009898 seconds 
  Import took 0.013631 seconds .

========================================================================
Received Import Request.
  Time since last request: 0.000177 seconds.
  path: Assets/SubProjects/MainAssignment/Art/greettue.png
  artifactKey: Guid(fe743695fc5be7b429f85de37489f597) Importer(815301076,1909f56bfc062723c751e8b465ee728b)
Start importing Assets/SubProjects/MainAssignment/Art/greettue.png using Guid(fe743695fc5be7b429f85de37489f597) Importer(815301076,1909f56bfc062723c751e8b465ee728b)  -> (artifact id: 'ba442e059a1ce6f9cb78449add5de07c') in 0.010131 seconds 
  Import took 0.013150 seconds .

========================================================================
Received Import Request.
  Time since last request: 0.000274 seconds.
  path: Assets/SubProjects/MainAssignment/Art/greet_hat1a4.png
  artifactKey: Guid(84811630158d2744aafeafb612244749) Importer(815301076,1909f56bfc062723c751e8b465ee728b)
Start importing Assets/SubProjects/MainAssignment/Art/greet_hat1a4.png using Guid(84811630158d2744aafeafb612244749) Importer(815301076,1909f56bfc062723c751e8b465ee728b)  -> (artifact id: 'ddcec9cae08092df252d82f4f0cbd42a') in 0.010222 seconds 
  Import took 0.013529 seconds .

========================================================================
Received Import Request.
  Time since last request: 0.000219 seconds.
  path: Assets/SubProjects/MainAssignment/Art/greetkastopen.png
  artifactKey: Guid(44b189c2e76f28548b95a761cf22ff1f) Importer(815301076,1909f56bfc062723c751e8b465ee728b)
Start importing Assets/SubProjects/MainAssignment/Art/greetkastopen.png using Guid(44b189c2e76f28548b95a761cf22ff1f) Importer(815301076,1909f56bfc062723c751e8b465ee728b)  -> (artifact id: 'd351dbd6abc029742f10fe6f3b1f3ab4') in 0.015956 seconds 
  Import took 0.019052 seconds .

========================================================================
Received Import Request.
  Time since last request: 0.000312 seconds.
  path: Assets/SubProjects/MainAssignment/Art/greetmon.png
  artifactKey: Guid(11db9c9f477d8854b96232e82f9f89db) Importer(815301076,1909f56bfc062723c751e8b465ee728b)
Start importing Assets/SubProjects/MainAssignment/Art/greetmon.png using Guid(11db9c9f477d8854b96232e82f9f89db) Importer(815301076,1909f56bfc062723c751e8b465ee728b)  -> (artifact id: 'df172bcd4c4024e13c904a9caf2c16c4') in 0.009247 seconds 
  Import took 0.012046 seconds .

========================================================================
Received Import Request.
  Time since last request: 0.000252 seconds.
  path: Assets/SubProjects/MainAssignment/Art/borishat_tue.png
  artifactKey: Guid(a7acece0bdb94b74ca8728b8637fbc8d) Importer(815301076,1909f56bfc062723c751e8b465ee728b)
Start importing Assets/SubProjects/MainAssignment/Art/borishat_tue.png using Guid(a7acece0bdb94b74ca8728b8637fbc8d) Importer(815301076,1909f56bfc062723c751e8b465ee728b)  -> (artifact id: 'f883da09a9099090842414cd004ba179') in 0.010233 seconds 
  Import took 0.013497 seconds .

========================================================================
Received Import Request.
  Time since last request: 0.000133 seconds.
  path: Assets/SubProjects/MainAssignment/Art/borishat_thur.png
  artifactKey: Guid(a95a1d34294d2ec45b979ef4490400ee) Importer(815301076,1909f56bfc062723c751e8b465ee728b)
Start importing Assets/SubProjects/MainAssignment/Art/borishat_thur.png using Guid(a95a1d34294d2ec45b979ef4490400ee) Importer(815301076,1909f56bfc062723c751e8b465ee728b)  -> (artifact id: '9a5ada8572ab0e2aa2e84a1fa3c889c6') in 0.009229 seconds 
  Import took 0.012164 seconds .

========================================================================
Received Import Request.
  Time since last request: 0.000137 seconds.
  path: Assets/SubProjects/MainAssignment/Art/greetthur.png
  artifactKey: Guid(cfcbf264f60697e42806cff6bc05734d) Importer(815301076,1909f56bfc062723c751e8b465ee728b)
Start importing Assets/SubProjects/MainAssignment/Art/greetthur.png using Guid(cfcbf264f60697e42806cff6bc05734d) Importer(815301076,1909f56bfc062723c751e8b465ee728b)  -> (artifact id: '08f0f3f7533707eb32fc82ac071d5938') in 0.009654 seconds 
  Import took 0.013078 seconds .

========================================================================
Received Import Request.
  Time since last request: 0.000245 seconds.
  path: Assets/SubProjects/MainAssignment/Art/borishat_wedn.png
  artifactKey: Guid(66843b23297a8334caa5f0c026b0b211) Importer(815301076,1909f56bfc062723c751e8b465ee728b)
Start importing Assets/SubProjects/MainAssignment/Art/borishat_wedn.png using Guid(66843b23297a8334caa5f0c026b0b211) Importer(815301076,1909f56bfc062723c751e8b465ee728b)  -> (artifact id: '6409e74a92a8fd2844b863f90c7af9bd') in 0.009219 seconds 
  Import took 0.012282 seconds .

========================================================================
Received Import Request.
  Time since last request: 0.709406 seconds.
  path: Assets/SubProjects/MainAssignment/Art/kastopen.png
  artifactKey: Guid(c611aea7cfb868b49bd7f447424c5b78) Importer(815301076,1909f56bfc062723c751e8b465ee728b)
Start importing Assets/SubProjects/MainAssignment/Art/kastopen.png using Guid(c611aea7cfb868b49bd7f447424c5b78) Importer(815301076,1909f56bfc062723c751e8b465ee728b)  -> (artifact id: '980d071fe901f8461f5ace85abcbbce3') in 0.011897 seconds 
  Import took 0.015225 seconds .

========================================================================
Received Import Request.
  Time since last request: 0.000173 seconds.
  path: Assets/SubProjects/MainAssignment/Art/love.png
  artifactKey: Guid(c4df21f728fe69448bbb5f9cfefec8a3) Importer(815301076,1909f56bfc062723c751e8b465ee728b)
Start importing Assets/SubProjects/MainAssignment/Art/love.png using Guid(c4df21f728fe69448bbb5f9cfefec8a3) Importer(815301076,1909f56bfc062723c751e8b465ee728b)  -> (artifact id: '13d655c8ce1f699881c461801e6a3a4a') in 0.011535 seconds 
  Import took 0.015089 seconds .

========================================================================
Received Import Request.
  Time since last request: 10.436109 seconds.
  path: Assets/SubProjects/MainAssignment/Scenes
  artifactKey: Guid(0c4836e478f917940ac39c4028f86bf1) Importer(815301076,1909f56bfc062723c751e8b465ee728b)
Start importing Assets/SubProjects/MainAssignment/Scenes using Guid(0c4836e478f917940ac39c4028f86bf1) Importer(815301076,1909f56bfc062723c751e8b465ee728b)  -> (artifact id: 'd4468e0e53dd4475b4202fabe83f7b9a') in 0.004962 seconds 
  Import took 0.007857 seconds .

========================================================================
Received Import Request.
  Time since last request: 7.186605 seconds.
  path: Assets/SubProjects/MainAssignment/Scenes/End 1.unity
  artifactKey: Guid(e9dfda62903dfba46a8687c7f69635c1) Importer(815301076,1909f56bfc062723c751e8b465ee728b)
Start importing Assets/SubProjects/MainAssignment/Scenes/End 1.unity using Guid(e9dfda62903dfba46a8687c7f69635c1) Importer(815301076,1909f56bfc062723c751e8b465ee728b)  -> (artifact id: 'c36eaa024a998cfc290e97a73fe1676e') in 0.004862 seconds 
  Import took 0.007579 seconds .

========================================================================
Received Import Request.
  Time since last request: 2.535589 seconds.
  path: Assets/SubProjects/MainAssignment/Scenes/end.unity
  artifactKey: Guid(f7a0c525871da514bbc0b7e4bf95a124) Importer(815301076,1909f56bfc062723c751e8b465ee728b)
Start importing Assets/SubProjects/MainAssignment/Scenes/end.unity using Guid(f7a0c525871da514bbc0b7e4bf95a124) Importer(815301076,1909f56bfc062723c751e8b465ee728b)  -> (artifact id: '501bfba21a65cda052032e42100cea9d') in 0.004899 seconds 
  Import took 0.008706 seconds .

========================================================================
Received Import Request.
  Time since last request: 148.349063 seconds.
  path: Assets/SubProjects/MainAssignment/Art/love.png
  artifactKey: Guid(c4df21f728fe69448bbb5f9cfefec8a3) Importer(815301076,1909f56bfc062723c751e8b465ee728b)
Start importing Assets/SubProjects/MainAssignment/Art/love.png using Guid(c4df21f728fe69448bbb5f9cfefec8a3) Importer(815301076,1909f56bfc062723c751e8b465ee728b)  -> (artifact id: '5364ec41a7aa80e5d78ee4278fee1588') in 0.055055 seconds 
  Import took 0.057763 seconds .

========================================================================
Received Import Request.
  Time since last request: 24.492037 seconds.
  path: Assets/SubProjects/MainAssignment/Scenes/Puzzel3Boris.unity
  artifactKey: Guid(67862879483d4bd49a8ce02716127724) Importer(815301076,1909f56bfc062723c751e8b465ee728b)
Start importing Assets/SubProjects/MainAssignment/Scenes/Puzzel3Boris.unity using Guid(67862879483d4bd49a8ce02716127724) Importer(815301076,1909f56bfc062723c751e8b465ee728b)  -> (artifact id: '592309bdec7835dc6ad7042d0720c229') in 0.002891 seconds 
  Import took 0.006686 seconds .

========================================================================
Received Import Request.
  Time since last request: 12.097945 seconds.
  path: Assets/SubProjects/MainAssignment/Scripts/MenuSelectionPuzzle3.cs
  artifactKey: Guid(7c78622627194a644a98af3f759c5b6a) Importer(815301076,1909f56bfc062723c751e8b465ee728b)
Start importing Assets/SubProjects/MainAssignment/Scripts/MenuSelectionPuzzle3.cs using Guid(7c78622627194a644a98af3f759c5b6a) Importer(815301076,1909f56bfc062723c751e8b465ee728b)  -> (artifact id: '5dbc7537a2220026f9f983ca64c48a84') in 0.011732 seconds 
  Import took 0.015113 seconds .

========================================================================
Received Prepare
Registering precompiled user dll's ...
Registered in 0.002126 seconds.
Begin MonoManager ReloadAssembly
Native extension for WindowsStandalone target not found
Native extension for WebGL target not found
Refreshing native plugins compatible for Editor in 0.31 ms, found 2 plugins.
Preloading 0 native plugins for Editor in 0.00 ms.
Mono: successfully reloaded assembly
- Completed reload, in  0.867 seconds
Domain Reload Profiling:
	ReloadAssembly (867ms)
		BeginReloadAssembly (104ms)
			ExecutionOrderSort (0ms)
			DisableScriptedObjects (4ms)
			BackupInstance (0ms)
			ReleaseScriptingObjects (0ms)
			CreateAndSetChildDomain (29ms)
		EndReloadAssembly (712ms)
			LoadAssemblies (75ms)
			RebuildTransferFunctionScriptingTraits (0ms)
			SetupTypeCache (280ms)
			ReleaseScriptCaches (1ms)
			RebuildScriptCaches (36ms)
			SetupLoadedEditorAssemblies (236ms)
				LogAssemblyErrors (0ms)
				InitializePlatformSupportModulesInManaged (6ms)
				SetLoadedEditorAssemblies (0ms)
				RefreshPlugins (0ms)
				BeforeProcessingInitializeOnLoad (70ms)
				ProcessInitializeOnLoadAttributes (148ms)
				ProcessInitializeOnLoadMethodAttributes (8ms)
				AfterProcessingInitializeOnLoad (4ms)
				EditorAssembliesLoaded (0ms)
			ExecutionOrderSort2 (0ms)
			AwakeInstancesAfterBackupRestoration (6ms)
Platform modules already initialized, skipping
Refreshing native plugins compatible for Editor in 0.31 ms, found 2 plugins.
Preloading 0 native plugins for Editor in 0.00 ms.
Unloading 1552 Unused Serialized files (Serialized files now loaded: 0)
System memory in use before: 74.0 MB.
System memory in use after: 74.2 MB.

Unloading 11 unused Assets to reduce memory usage. Loaded Objects now: 2019.
Total: 2.072700 ms (FindLiveObjects: 0.138000 ms CreateObjectMapping: 0.049600 ms MarkObjects: 1.872500 ms  DeleteObjects: 0.012000 ms)

AssetImportParameters requested are different than current active one (requested -> active):
  custom:framework-win-MediaFoundation: 216162199b28c13a410421893ffa2e32 -> 
  custom:video-decoder-ogg-theora: a1e56fd34408186e4bbccfd4996cb3dc -> 
  custom:container-muxer-webm: aa71ff27fc2769a1b78a27578f13a17b -> 
  custom:container-demuxer-webm: 4f35f7cbe854078d1ac9338744f61a02 -> 
  custom:container-demuxer-ogg: 62fdf1f143b41e24485cea50d1cbac27 -> 
  custom:video-encoder-webm-vp8: eb34c28f22e8b96e1ab97ce403110664 -> 
  custom:video-decoder-webm-vp8: 9c59270c3fd7afecdb556c50c9e8de78 -> 
  custom:audio-decoder-ogg-vorbis: bf7c407c2cedff20999df2af8eb42d56 -> 
  custom:audio-encoder-webm-vorbis: bf7c407c2cedff20999df2af8eb42d56 -> 
========================================================================
Received Import Request.
  Time since last request: 149.204567 seconds.
  path: Assets/SubProjects/MainAssignment/Scripts/MenuSelectionPuzzle3.cs
  artifactKey: Guid(7c78622627194a644a98af3f759c5b6a) Importer(815301076,1909f56bfc062723c751e8b465ee728b)
Start importing Assets/SubProjects/MainAssignment/Scripts/MenuSelectionPuzzle3.cs using Guid(7c78622627194a644a98af3f759c5b6a) Importer(815301076,1909f56bfc062723c751e8b465ee728b)  -> (artifact id: '9919e8acbbe3d815c75f591778b13a84') in 0.004208 seconds 
  Import took 0.006880 seconds .

========================================================================
Received Import Request.
  Time since last request: 2.057713 seconds.
  path: Assets/SubProjects/MainAssignment/Scenes/End 1.unity
  artifactKey: Guid(e9dfda62903dfba46a8687c7f69635c1) Importer(815301076,1909f56bfc062723c751e8b465ee728b)
Start importing Assets/SubProjects/MainAssignment/Scenes/End 1.unity using Guid(e9dfda62903dfba46a8687c7f69635c1) Importer(815301076,1909f56bfc062723c751e8b465ee728b)  -> (artifact id: '82f8ffd896216c318cdb8613f99c6040') in 0.008503 seconds 
  Import took 0.011427 seconds .

========================================================================
Received Prepare
Registering precompiled user dll's ...
Registered in 0.002088 seconds.
Begin MonoManager ReloadAssembly
Native extension for WindowsStandalone target not found
Native extension for WebGL target not found
Refreshing native plugins compatible for Editor in 0.33 ms, found 2 plugins.
Preloading 0 native plugins for Editor in 0.00 ms.
Mono: successfully reloaded assembly
- Completed reload, in  0.827 seconds
Domain Reload Profiling:
	ReloadAssembly (827ms)
		BeginReloadAssembly (99ms)
			ExecutionOrderSort (0ms)
			DisableScriptedObjects (5ms)
			BackupInstance (0ms)
			ReleaseScriptingObjects (0ms)
			CreateAndSetChildDomain (29ms)
		EndReloadAssembly (675ms)
			LoadAssemblies (76ms)
			RebuildTransferFunctionScriptingTraits (0ms)
			SetupTypeCache (251ms)
			ReleaseScriptCaches (1ms)
			RebuildScriptCaches (35ms)
			SetupLoadedEditorAssemblies (233ms)
				LogAssemblyErrors (0ms)
				InitializePlatformSupportModulesInManaged (5ms)
				SetLoadedEditorAssemblies (0ms)
				RefreshPlugins (0ms)
				BeforeProcessingInitializeOnLoad (69ms)
				ProcessInitializeOnLoadAttributes (148ms)
				ProcessInitializeOnLoadMethodAttributes (7ms)
				AfterProcessingInitializeOnLoad (4ms)
				EditorAssembliesLoaded (0ms)
			ExecutionOrderSort2 (0ms)
			AwakeInstancesAfterBackupRestoration (7ms)
Platform modules already initialized, skipping
Refreshing native plugins compatible for Editor in 0.31 ms, found 2 plugins.
Preloading 0 native plugins for Editor in 0.00 ms.
Unloading 1552 Unused Serialized files (Serialized files now loaded: 0)
System memory in use before: 74.1 MB.
System memory in use after: 74.2 MB.

Unloading 11 unused Assets to reduce memory usage. Loaded Objects now: 2022.
Total: 2.093300 ms (FindLiveObjects: 0.143700 ms CreateObjectMapping: 0.047000 ms MarkObjects: 1.890100 ms  DeleteObjects: 0.011800 ms)

AssetImportParameters requested are different than current active one (requested -> active):
  custom:framework-win-MediaFoundation: 216162199b28c13a410421893ffa2e32 -> 
  custom:video-decoder-ogg-theora: a1e56fd34408186e4bbccfd4996cb3dc -> 
  custom:container-muxer-webm: aa71ff27fc2769a1b78a27578f13a17b -> 
  custom:container-demuxer-webm: 4f35f7cbe854078d1ac9338744f61a02 -> 
  custom:container-demuxer-ogg: 62fdf1f143b41e24485cea50d1cbac27 -> 
  custom:video-encoder-webm-vp8: eb34c28f22e8b96e1ab97ce403110664 -> 
  custom:video-decoder-webm-vp8: 9c59270c3fd7afecdb556c50c9e8de78 -> 
  custom:audio-decoder-ogg-vorbis: bf7c407c2cedff20999df2af8eb42d56 -> 
  custom:audio-encoder-webm-vorbis: bf7c407c2cedff20999df2af8eb42d56 -> 
AssetImportWorkerClient::OnTransportError - code=2 error=End of file
