Using pre-set license
Built from '2020.3/staging' branch; Version is '2020.3.19f1 (68f137dc9bbe) revision 6877495'; Using compiler version '192528614'; Build Type 'Release'
OS: 'Windows 10 Home; OS build 19044.1586; Version 2009; 64bit' Language: 'en' Physical Memory: 16251 MB
BatchMode: 1, IsHumanControllingUs: 0, StartBugReporterOnCrash: 0, Is64bit: 1, IsPro: 0

COMMAND LINE ARGUMENTS:
C:\Program Files\Unity editors\2020.3.19f1\Editor\Unity.exe
-adb2
-batchMode
-noUpm
-name
AssetImportWorker0
-projectPath
C:/Users/raoul/OneDrive/Documents/HKU/Jaar 2/Kernmodule Applied game design/boe/AppliedGames/AppliedGames
-logFile
Logs/AssetImportWorker0.log
-srvPort
59918
Successfully changed project path to: C:/Users/raoul/OneDrive/Documents/HKU/Jaar 2/Kernmodule Applied game design/boe/AppliedGames/AppliedGames
C:/Users/raoul/OneDrive/Documents/HKU/Jaar 2/Kernmodule Applied game design/boe/AppliedGames/AppliedGames
Using Asset Import Pipeline V2.
Refreshing native plugins compatible for Editor in 36.14 ms, found 2 plugins.
Preloading 0 native plugins for Editor in 0.00 ms.
Initialize engine version: 2020.3.19f1 (68f137dc9bbe)
[Subsystems] Discovering subsystems at path C:/Program Files/Unity editors/2020.3.19f1/Editor/Data/Resources/UnitySubsystems
[Subsystems] Discovering subsystems at path C:/Users/raoul/OneDrive/Documents/HKU/Jaar 2/Kernmodule Applied game design/boe/AppliedGames/AppliedGames/Assets
GfxDevice: creating device client; threaded=0
Direct3D:
    Version:  Direct3D 11.0 [level 11.1]
    Renderer: NVIDIA GeForce GTX 1650 Ti (ID=0x1f95)
    Vendor:   
    VRAM:     3962 MB
    Driver:   30.0.15.1179
Initialize mono
Mono path[0] = 'C:/Program Files/Unity editors/2020.3.19f1/Editor/Data/Managed'
Mono path[1] = 'C:/Program Files/Unity editors/2020.3.19f1/Editor/Data/MonoBleedingEdge/lib/mono/unityjit'
Mono config path = 'C:/Program Files/Unity editors/2020.3.19f1/Editor/Data/MonoBleedingEdge/etc'
Using monoOptions --debugger-agent=transport=dt_socket,embedding=1,server=y,suspend=n,address=127.0.0.1:56084
Begin MonoManager ReloadAssembly
Registering precompiled unity dll's ...
Register platform support module: C:/Program Files/Unity editors/2020.3.19f1/Editor/Data/PlaybackEngines/WebGLSupport/UnityEditor.WebGL.Extensions.dll
Register platform support module: C:/Program Files/Unity editors/2020.3.19f1/Editor/Data/PlaybackEngines/WindowsStandaloneSupport/UnityEditor.WindowsStandalone.Extensions.dll
Registered in 0.004150 seconds.
Native extension for WindowsStandalone target not found
Native extension for WebGL target not found
Refreshing native plugins compatible for Editor in 42.93 ms, found 2 plugins.
Preloading 0 native plugins for Editor in 0.00 ms.
Mono: successfully reloaded assembly
- Completed reload, in  1.599 seconds
Domain Reload Profiling:
	ReloadAssembly (1599ms)
		BeginReloadAssembly (62ms)
			ExecutionOrderSort (0ms)
			DisableScriptedObjects (0ms)
			BackupInstance (0ms)
			ReleaseScriptingObjects (0ms)
			CreateAndSetChildDomain (1ms)
		EndReloadAssembly (651ms)
			LoadAssemblies (60ms)
			RebuildTransferFunctionScriptingTraits (0ms)
			SetupTypeCache (257ms)
			ReleaseScriptCaches (0ms)
			RebuildScriptCaches (45ms)
			SetupLoadedEditorAssemblies (244ms)
				LogAssemblyErrors (0ms)
				InitializePlatformSupportModulesInManaged (7ms)
				SetLoadedEditorAssemblies (0ms)
				RefreshPlugins (43ms)
				BeforeProcessingInitializeOnLoad (29ms)
				ProcessInitializeOnLoadAttributes (121ms)
				ProcessInitializeOnLoadMethodAttributes (43ms)
				AfterProcessingInitializeOnLoad (0ms)
				EditorAssembliesLoaded (0ms)
			ExecutionOrderSort2 (0ms)
			AwakeInstancesAfterBackupRestoration (0ms)
Platform modules already initialized, skipping
Registering precompiled user dll's ...
Registered in 0.003691 seconds.
Begin MonoManager ReloadAssembly
Native extension for WindowsStandalone target not found
Native extension for WebGL target not found
Refreshing native plugins compatible for Editor in 0.41 ms, found 2 plugins.
Preloading 0 native plugins for Editor in 0.00 ms.
Mono: successfully reloaded assembly
- Completed reload, in  1.380 seconds
Domain Reload Profiling:
	ReloadAssembly (1381ms)
		BeginReloadAssembly (213ms)
			ExecutionOrderSort (0ms)
			DisableScriptedObjects (7ms)
			BackupInstance (0ms)
			ReleaseScriptingObjects (0ms)
			CreateAndSetChildDomain (27ms)
		EndReloadAssembly (1084ms)
			LoadAssemblies (122ms)
			RebuildTransferFunctionScriptingTraits (0ms)
			SetupTypeCache (395ms)
			ReleaseScriptCaches (0ms)
			RebuildScriptCaches (52ms)
			SetupLoadedEditorAssemblies (397ms)
				LogAssemblyErrors (0ms)
				InitializePlatformSupportModulesInManaged (7ms)
				SetLoadedEditorAssemblies (1ms)
				RefreshPlugins (1ms)
				BeforeProcessingInitializeOnLoad (97ms)
				ProcessInitializeOnLoadAttributes (278ms)
				ProcessInitializeOnLoadMethodAttributes (5ms)
				AfterProcessingInitializeOnLoad (8ms)
				EditorAssembliesLoaded (0ms)
			ExecutionOrderSort2 (0ms)
			AwakeInstancesAfterBackupRestoration (9ms)
Platform modules already initialized, skipping
========================================================================
Worker process is ready to serve import requests
Launched and connected shader compiler UnityShaderCompiler.exe after 0.09 seconds
Refreshing native plugins compatible for Editor in 0.40 ms, found 2 plugins.
Preloading 0 native plugins for Editor in 0.00 ms.
Unloading 1439 Unused Serialized files (Serialized files now loaded: 0)
System memory in use before: 66.7 MB.
System memory in use after: 66.8 MB.

Unloading 16 unused Assets to reduce memory usage. Loaded Objects now: 1875.
Total: 3.539500 ms (FindLiveObjects: 0.138400 ms CreateObjectMapping: 0.046300 ms MarkObjects: 3.206000 ms  DeleteObjects: 0.148000 ms)

AssetImportParameters requested are different than current active one (requested -> active):
  custom:framework-win-MediaFoundation: 216162199b28c13a410421893ffa2e32 -> 
  custom:video-decoder-ogg-theora: a1e56fd34408186e4bbccfd4996cb3dc -> 
  custom:container-muxer-webm: aa71ff27fc2769a1b78a27578f13a17b -> 
  custom:container-demuxer-webm: 4f35f7cbe854078d1ac9338744f61a02 -> 
  custom:container-demuxer-ogg: 62fdf1f143b41e24485cea50d1cbac27 -> 
  custom:video-encoder-webm-vp8: eb34c28f22e8b96e1ab97ce403110664 -> 
  custom:video-codec-MediaFoundation-h265: 746d11721c4dcdbdad8f713fa42b33f4 -> 
  custom:video-decoder-webm-vp8: 9c59270c3fd7afecdb556c50c9e8de78 -> 
  custom:audio-decoder-ogg-vorbis: bf7c407c2cedff20999df2af8eb42d56 -> 
  custom:audio-encoder-webm-vorbis: bf7c407c2cedff20999df2af8eb42d56 -> 
========================================================================
Received Import Request.
  path: Assets/SubProjects/MainAssignment
  artifactKey: Guid(42c863c4f74d60f48bf2de1c54ea77b4) Importer(815301076,1909f56bfc062723c751e8b465ee728b)
Start importing Assets/SubProjects/MainAssignment using Guid(42c863c4f74d60f48bf2de1c54ea77b4) Importer(815301076,1909f56bfc062723c751e8b465ee728b)  -> (artifact id: '9d52cae4a937ed14bc5a718500ba56e4') in 0.009502 seconds 
  Import took 0.019607 seconds .

========================================================================
Received Import Request.
  Time since last request: 0.000387 seconds.
  path: Assets/SubProjects/MainAssignment/Scenes/boris.png
  artifactKey: Guid(d1814096ec607814c91151c04227adc0) Importer(815301076,1909f56bfc062723c751e8b465ee728b)
Start importing Assets/SubProjects/MainAssignment/Scenes/boris.png using Guid(d1814096ec607814c91151c04227adc0) Importer(815301076,1909f56bfc062723c751e8b465ee728b)  -> (artifact id: '0a56ccda69820f6f980cb9ef8b4e9771') in 0.086448 seconds 
  Import took 0.089977 seconds .

========================================================================
Received Import Request.
  Time since last request: 0.000315 seconds.
  path: Assets/SubProjects/MainAssignment/Scenes
  artifactKey: Guid(0c4836e478f917940ac39c4028f86bf1) Importer(815301076,1909f56bfc062723c751e8b465ee728b)
Start importing Assets/SubProjects/MainAssignment/Scenes using Guid(0c4836e478f917940ac39c4028f86bf1) Importer(815301076,1909f56bfc062723c751e8b465ee728b)  -> (artifact id: '64b172d63d70a919c5c02f534dcc403f') in 0.008388 seconds 
  Import took 0.011812 seconds .

========================================================================
Received Import Request.
  Time since last request: 269.913911 seconds.
  path: Assets/SubProjects/MainAssignment/Scenes/Puzzel1.unity
  artifactKey: Guid(c006d216d06a55448ba72ceea1db3c4e) Importer(815301076,1909f56bfc062723c751e8b465ee728b)
Start importing Assets/SubProjects/MainAssignment/Scenes/Puzzel1.unity using Guid(c006d216d06a55448ba72ceea1db3c4e) Importer(815301076,1909f56bfc062723c751e8b465ee728b)  -> (artifact id: 'c9d0ddba2159d827eaf94464c88417eb') in 0.007485 seconds 
  Import took 0.011439 seconds .

========================================================================
Received Import Request.
  Time since last request: 2.154538 seconds.
  path: Assets/SubProjects/MainAssignment/Scenes/Puzzel2_BORIS.unity
  artifactKey: Guid(0216a5fc38ff4fb4ba16caf7770a52bf) Importer(815301076,1909f56bfc062723c751e8b465ee728b)
Start importing Assets/SubProjects/MainAssignment/Scenes/Puzzel2_BORIS.unity using Guid(0216a5fc38ff4fb4ba16caf7770a52bf) Importer(815301076,1909f56bfc062723c751e8b465ee728b)  -> (artifact id: '8c7d70183526791dcf14a3e0ca4240b5') in 0.007280 seconds 
  Import took 0.017568 seconds .

========================================================================
Received Import Request.
  Time since last request: 0.861819 seconds.
  path: Assets/SubProjects/MainAssignment/Scenes/Puzzel2_GREET.unity
  artifactKey: Guid(f7a0c525871da514bbc0b7e4bf95a124) Importer(815301076,1909f56bfc062723c751e8b465ee728b)
Start importing Assets/SubProjects/MainAssignment/Scenes/Puzzel2_GREET.unity using Guid(f7a0c525871da514bbc0b7e4bf95a124) Importer(815301076,1909f56bfc062723c751e8b465ee728b)  -> (artifact id: '73c2466b308208bbd19350dc577c9afd') in 0.007026 seconds 
  Import took 0.009703 seconds .

========================================================================
Received Prepare
Registering precompiled user dll's ...
Registered in 0.005022 seconds.
Begin MonoManager ReloadAssembly
Native extension for WindowsStandalone target not found
Native extension for WebGL target not found
Refreshing native plugins compatible for Editor in 0.31 ms, found 2 plugins.
Preloading 0 native plugins for Editor in 0.00 ms.
Mono: successfully reloaded assembly
- Completed reload, in  1.387 seconds
Domain Reload Profiling:
	ReloadAssembly (1388ms)
		BeginReloadAssembly (159ms)
			ExecutionOrderSort (0ms)
			DisableScriptedObjects (6ms)
			BackupInstance (0ms)
			ReleaseScriptingObjects (0ms)
			CreateAndSetChildDomain (52ms)
		EndReloadAssembly (1131ms)
			LoadAssemblies (128ms)
			RebuildTransferFunctionScriptingTraits (0ms)
			SetupTypeCache (413ms)
			ReleaseScriptCaches (1ms)
			RebuildScriptCaches (52ms)
			SetupLoadedEditorAssemblies (405ms)
				LogAssemblyErrors (0ms)
				InitializePlatformSupportModulesInManaged (7ms)
				SetLoadedEditorAssemblies (0ms)
				RefreshPlugins (0ms)
				BeforeProcessingInitializeOnLoad (100ms)
				ProcessInitializeOnLoadAttributes (279ms)
				ProcessInitializeOnLoadMethodAttributes (6ms)
				AfterProcessingInitializeOnLoad (11ms)
				EditorAssembliesLoaded (1ms)
			ExecutionOrderSort2 (0ms)
			AwakeInstancesAfterBackupRestoration (13ms)
Platform modules already initialized, skipping
Refreshing native plugins compatible for Editor in 0.39 ms, found 2 plugins.
Preloading 0 native plugins for Editor in 0.00 ms.
Unloading 1433 Unused Serialized files (Serialized files now loaded: 0)
System memory in use before: 66.6 MB.
System memory in use after: 66.7 MB.

Unloading 11 unused Assets to reduce memory usage. Loaded Objects now: 1879.
Total: 5.018800 ms (FindLiveObjects: 0.204000 ms CreateObjectMapping: 0.091500 ms MarkObjects: 4.700900 ms  DeleteObjects: 0.020700 ms)

AssetImportParameters requested are different than current active one (requested -> active):
  custom:framework-win-MediaFoundation: 216162199b28c13a410421893ffa2e32 -> 
  custom:video-decoder-ogg-theora: a1e56fd34408186e4bbccfd4996cb3dc -> 
  custom:container-muxer-webm: aa71ff27fc2769a1b78a27578f13a17b -> 
  custom:container-demuxer-webm: 4f35f7cbe854078d1ac9338744f61a02 -> 
  custom:container-demuxer-ogg: 62fdf1f143b41e24485cea50d1cbac27 -> 
  custom:video-encoder-webm-vp8: eb34c28f22e8b96e1ab97ce403110664 -> 
  custom:video-codec-MediaFoundation-h265: 746d11721c4dcdbdad8f713fa42b33f4 -> 
  custom:video-decoder-webm-vp8: 9c59270c3fd7afecdb556c50c9e8de78 -> 
  custom:audio-decoder-ogg-vorbis: bf7c407c2cedff20999df2af8eb42d56 -> 
  custom:audio-encoder-webm-vorbis: bf7c407c2cedff20999df2af8eb42d56 -> 
========================================================================
Received Import Request.
  Time since last request: 67.576632 seconds.
  path: Assets/SubProjects/MainAssignment/Scenes/Puzzel1 Boris.unity
  artifactKey: Guid(c006d216d06a55448ba72ceea1db3c4e) Importer(815301076,1909f56bfc062723c751e8b465ee728b)
Start importing Assets/SubProjects/MainAssignment/Scenes/Puzzel1 Boris.unity using Guid(c006d216d06a55448ba72ceea1db3c4e) Importer(815301076,1909f56bfc062723c751e8b465ee728b)  -> (artifact id: '0d11934cc4c65ffdd76034efa5849926') in 0.020273 seconds 
  Import took 0.022903 seconds .

========================================================================
Received Import Request.
  Time since last request: 79.741048 seconds.
  path: Assets/SubProjects/MainAssignment/Art
  artifactKey: Guid(a1f6dae7a9484f8428016d4cdb6ba341) Importer(815301076,1909f56bfc062723c751e8b465ee728b)
Start importing Assets/SubProjects/MainAssignment/Art using Guid(a1f6dae7a9484f8428016d4cdb6ba341) Importer(815301076,1909f56bfc062723c751e8b465ee728b)  -> (artifact id: 'abe94869f49dac8212adf9d3d7484570') in 0.007057 seconds 
  Import took 0.009987 seconds .

========================================================================
Received Import Request.
  Time since last request: 0.198594 seconds.
  path: Assets/SubProjects/MainAssignment/Art/boris.png
  artifactKey: Guid(76d781e59fcf3c84ba877874fe4d63f9) Importer(815301076,1909f56bfc062723c751e8b465ee728b)
Start importing Assets/SubProjects/MainAssignment/Art/boris.png using Guid(76d781e59fcf3c84ba877874fe4d63f9) Importer(815301076,1909f56bfc062723c751e8b465ee728b)  -> (artifact id: 'f525548dfc3c85432be52199250f5318') in 0.043466 seconds 
  Import took 0.047204 seconds .

========================================================================
Received Import Request.
  Time since last request: 0.000343 seconds.
  path: Assets/SubProjects/MainAssignment/Art/greet.png
  artifactKey: Guid(9143ef3d253c528449406b2114bcc0bc) Importer(815301076,1909f56bfc062723c751e8b465ee728b)
Start importing Assets/SubProjects/MainAssignment/Art/greet.png using Guid(9143ef3d253c528449406b2114bcc0bc) Importer(815301076,1909f56bfc062723c751e8b465ee728b)  -> (artifact id: '6f6eb71a8df5f5f9af3b224f21c6148f') in 0.018890 seconds 
  Import took 0.022467 seconds .

========================================================================
Received Import Request.
  Time since last request: 9.068359 seconds.
  path: Assets/SubProjects/MainAssignment/Art/Puzzel 1 art
  artifactKey: Guid(0b8f65b086dab9549a972b9d818392d8) Importer(815301076,1909f56bfc062723c751e8b465ee728b)
Start importing Assets/SubProjects/MainAssignment/Art/Puzzel 1 art using Guid(0b8f65b086dab9549a972b9d818392d8) Importer(815301076,1909f56bfc062723c751e8b465ee728b)  -> (artifact id: '475c4c7269c689e053dd468f823dda43') in 0.008689 seconds 
  Import took 0.011516 seconds .

========================================================================
Received Import Request.
  Time since last request: 3.196247 seconds.
  path: Assets/SubProjects/MainAssignment/Audio
  artifactKey: Guid(dfb6e936274dc714b91751c5d7b90176) Importer(815301076,1909f56bfc062723c751e8b465ee728b)
Start importing Assets/SubProjects/MainAssignment/Audio using Guid(dfb6e936274dc714b91751c5d7b90176) Importer(815301076,1909f56bfc062723c751e8b465ee728b)  -> (artifact id: 'c6374182268e32668ecb6f0305cf0939') in 0.009118 seconds 
  Import took 0.012637 seconds .

========================================================================
Received Import Request.
  Time since last request: 6.944437 seconds.
  path: Assets/SubProjects/MainAssignment/Scenes/Puzzel1
  artifactKey: Guid(32e397448fe387d46bdc75ed0938749e) Importer(815301076,1909f56bfc062723c751e8b465ee728b)
Start importing Assets/SubProjects/MainAssignment/Scenes/Puzzel1 using Guid(32e397448fe387d46bdc75ed0938749e) Importer(815301076,1909f56bfc062723c751e8b465ee728b)  -> (artifact id: '6a633e2222bf01f00735564528d58867') in 0.011430 seconds 
  Import took 0.014728 seconds .

========================================================================
Received Import Request.
  Time since last request: 17.942321 seconds.
  path: Assets/SubProjects/MainAssignment/Scenes/Puzzel1/Puzzel 2 greet.unity
  artifactKey: Guid(4314cba06341f584bb737f771a2bba04) Importer(815301076,1909f56bfc062723c751e8b465ee728b)
Start importing Assets/SubProjects/MainAssignment/Scenes/Puzzel1/Puzzel 2 greet.unity using Guid(4314cba06341f584bb737f771a2bba04) Importer(815301076,1909f56bfc062723c751e8b465ee728b)  -> (artifact id: '756587c9035360419964e4bea6fe416f') in 0.007916 seconds 
  Import took 0.010757 seconds .

========================================================================
Received Import Request.
  Time since last request: 8.197104 seconds.
  path: Assets/SubProjects/MainAssignment/Scenes/Puzzel1/Puzzel1 Boris.unity
  artifactKey: Guid(c006d216d06a55448ba72ceea1db3c4e) Importer(815301076,1909f56bfc062723c751e8b465ee728b)
Start importing Assets/SubProjects/MainAssignment/Scenes/Puzzel1/Puzzel1 Boris.unity using Guid(c006d216d06a55448ba72ceea1db3c4e) Importer(815301076,1909f56bfc062723c751e8b465ee728b)  -> (artifact id: '2d503912668062d0833bf34131dac126') in 0.004208 seconds 
  Import took 0.006889 seconds .

========================================================================
Received Import Request.
  Time since last request: 4.399493 seconds.
  path: Assets/SubProjects/MainAssignment/Scenes/Puzzel1/Puzzel1 Boris 1.unity
  artifactKey: Guid(0695c9d1b1e80384db36df38e53f3549) Importer(815301076,1909f56bfc062723c751e8b465ee728b)
Start importing Assets/SubProjects/MainAssignment/Scenes/Puzzel1/Puzzel1 Boris 1.unity using Guid(0695c9d1b1e80384db36df38e53f3549) Importer(815301076,1909f56bfc062723c751e8b465ee728b)  -> (artifact id: 'a277b769a950bf6d55771ee93576b0b3') in 0.007563 seconds 
  Import took 0.011066 seconds .

========================================================================
Received Import Request.
  Time since last request: 7.925165 seconds.
  path: Assets/SubProjects/MainAssignment/Scenes/Puzzel1/Puzzel 1 Greet.unity
  artifactKey: Guid(0695c9d1b1e80384db36df38e53f3549) Importer(815301076,1909f56bfc062723c751e8b465ee728b)
Start importing Assets/SubProjects/MainAssignment/Scenes/Puzzel1/Puzzel 1 Greet.unity using Guid(0695c9d1b1e80384db36df38e53f3549) Importer(815301076,1909f56bfc062723c751e8b465ee728b)  -> (artifact id: '539d4f9b6c93e967330ac1b5e26c77c1') in 0.008586 seconds 
  Import took 0.013788 seconds .

========================================================================
Received Import Request.
  Time since last request: 6.664274 seconds.
  path: Assets/SubProjects/MainAssignment/Scenes/Puzzel1/Puzzel 2 greet.unity
  artifactKey: Guid(4314cba06341f584bb737f771a2bba04) Importer(815301076,1909f56bfc062723c751e8b465ee728b)
Start importing Assets/SubProjects/MainAssignment/Scenes/Puzzel1/Puzzel 2 greet.unity using Guid(4314cba06341f584bb737f771a2bba04) Importer(815301076,1909f56bfc062723c751e8b465ee728b)  -> (artifact id: '4c7c9b2f4546d7c884f6fdfcdbc04239') in 0.004607 seconds 
  Import took 0.008502 seconds .

========================================================================
Received Import Request.
  Time since last request: 558.993354 seconds.
  path: Assets/SubProjects/PuzzleAssignment/Art
  artifactKey: Guid(91c155d3d603afa438ee47dd52ab7f51) Importer(815301076,1909f56bfc062723c751e8b465ee728b)
Start importing Assets/SubProjects/PuzzleAssignment/Art using Guid(91c155d3d603afa438ee47dd52ab7f51) Importer(815301076,1909f56bfc062723c751e8b465ee728b)  -> (artifact id: 'ceeec5768a67871f1b541415349b8028') in 0.004895 seconds 
  Import took 0.010874 seconds .

========================================================================
Received Import Request.
  Time since last request: 0.201517 seconds.
  path: Assets/SubProjects/PuzzleAssignment/Art/aplpe 1.png
  artifactKey: Guid(8eca1fda905cc8c409134c62f7529371) Importer(815301076,1909f56bfc062723c751e8b465ee728b)
Start importing Assets/SubProjects/PuzzleAssignment/Art/aplpe 1.png using Guid(8eca1fda905cc8c409134c62f7529371) Importer(815301076,1909f56bfc062723c751e8b465ee728b)  -> (artifact id: 'c280dbcbf6d00ab31678d9ff86f9653e') in 0.020024 seconds 
  Import took 0.023685 seconds .

========================================================================
Received Import Request.
  Time since last request: 0.000328 seconds.
  path: Assets/SubProjects/PuzzleAssignment/Art/noodln.png
  artifactKey: Guid(7003d62d74d80ef4abd982305f4e2437) Importer(815301076,1909f56bfc062723c751e8b465ee728b)
Start importing Assets/SubProjects/PuzzleAssignment/Art/noodln.png using Guid(7003d62d74d80ef4abd982305f4e2437) Importer(815301076,1909f56bfc062723c751e8b465ee728b)  -> (artifact id: 'e9dc0daf29d4f1f445794aeb21365758') in 0.065297 seconds 
  Import took 0.068958 seconds .

========================================================================
Received Import Request.
  Time since last request: 0.000319 seconds.
  path: Assets/SubProjects/PuzzleAssignment/Art/kwiw 1.png
  artifactKey: Guid(4667c080d32365148840cf234a27e441) Importer(815301076,1909f56bfc062723c751e8b465ee728b)
Start importing Assets/SubProjects/PuzzleAssignment/Art/kwiw 1.png using Guid(4667c080d32365148840cf234a27e441) Importer(815301076,1909f56bfc062723c751e8b465ee728b)  -> (artifact id: 'b74c37a5ff82d6b6348e38df7f16cb62') in 0.013055 seconds 
  Import took 0.015807 seconds .

========================================================================
Received Import Request.
  Time since last request: 0.000333 seconds.
  path: Assets/SubProjects/PuzzleAssignment/Art/boris_toen_hij_jong_was.png
  artifactKey: Guid(c907fada1fc0b614da53d97a58bf71fa) Importer(815301076,1909f56bfc062723c751e8b465ee728b)
Start importing Assets/SubProjects/PuzzleAssignment/Art/boris_toen_hij_jong_was.png using Guid(c907fada1fc0b614da53d97a58bf71fa) Importer(815301076,1909f56bfc062723c751e8b465ee728b)  -> (artifact id: '108031095170055b4103c2753bb30dd8') in 0.027229 seconds 
  Import took 0.029817 seconds .

========================================================================
Received Import Request.
  Time since last request: 0.000581 seconds.
  path: Assets/SubProjects/PuzzleAssignment/Art/eaouDeToilet.png
  artifactKey: Guid(2188611fb5d61024dbfa4288c5fe1c00) Importer(815301076,1909f56bfc062723c751e8b465ee728b)
Start importing Assets/SubProjects/PuzzleAssignment/Art/eaouDeToilet.png using Guid(2188611fb5d61024dbfa4288c5fe1c00) Importer(815301076,1909f56bfc062723c751e8b465ee728b)  -> (artifact id: 'ab395085910a8cde549104939e1e80d1') in 0.025768 seconds 
  Import took 0.029734 seconds .

========================================================================
Received Import Request.
  Time since last request: 0.000343 seconds.
  path: Assets/SubProjects/PuzzleAssignment/Art/fridgeOpen.png
  artifactKey: Guid(1c4204de7ed3da846a0e696efc070784) Importer(815301076,1909f56bfc062723c751e8b465ee728b)
Start importing Assets/SubProjects/PuzzleAssignment/Art/fridgeOpen.png using Guid(1c4204de7ed3da846a0e696efc070784) Importer(815301076,1909f56bfc062723c751e8b465ee728b)  -> (artifact id: '9f2bff6906bd0bf54c6229e14164b1dd') in 0.032980 seconds 
  Import took 0.036012 seconds .

========================================================================
Received Import Request.
  Time since last request: 0.000206 seconds.
  path: Assets/SubProjects/PuzzleAssignment/Art/BadEnding.png
  artifactKey: Guid(448a39f411052b64c8bbaa8d3fc17e59) Importer(815301076,1909f56bfc062723c751e8b465ee728b)
Start importing Assets/SubProjects/PuzzleAssignment/Art/BadEnding.png using Guid(448a39f411052b64c8bbaa8d3fc17e59) Importer(815301076,1909f56bfc062723c751e8b465ee728b)  -> (artifact id: '0333c0d9ef6bde79519c95806239a3eb') in 0.041983 seconds 
  Import took 0.045586 seconds .

========================================================================
Received Import Request.
  Time since last request: 0.000218 seconds.
  path: Assets/SubProjects/PuzzleAssignment/Art/kitchen.png
  artifactKey: Guid(5a9a290d5ad66f844bec0dd5287c9c10) Importer(815301076,1909f56bfc062723c751e8b465ee728b)
Start importing Assets/SubProjects/PuzzleAssignment/Art/kitchen.png using Guid(5a9a290d5ad66f844bec0dd5287c9c10) Importer(815301076,1909f56bfc062723c751e8b465ee728b)  -> (artifact id: '848991d4b0e8a0b741881beecd42a508') in 0.021213 seconds 
  Import took 0.024157 seconds .

========================================================================
Received Import Request.
  Time since last request: 0.000449 seconds.
  path: Assets/SubProjects/PuzzleAssignment/Art/Fridge.png
  artifactKey: Guid(1005d38ea6b398d47b93629edda091d6) Importer(815301076,1909f56bfc062723c751e8b465ee728b)
Start importing Assets/SubProjects/PuzzleAssignment/Art/Fridge.png using Guid(1005d38ea6b398d47b93629edda091d6) Importer(815301076,1909f56bfc062723c751e8b465ee728b)  -> (artifact id: 'def5807d2c6c997670230cf19d6ef8b4') in 0.022594 seconds 
  Import took 0.025781 seconds .

========================================================================
Received Import Request.
  Time since last request: 0.000354 seconds.
  path: Assets/SubProjects/PuzzleAssignment/Art/cucumber.png
  artifactKey: Guid(33609868e2999fc48bc3d1b973f34d9a) Importer(815301076,1909f56bfc062723c751e8b465ee728b)
Start importing Assets/SubProjects/PuzzleAssignment/Art/cucumber.png using Guid(33609868e2999fc48bc3d1b973f34d9a) Importer(815301076,1909f56bfc062723c751e8b465ee728b)  -> (artifact id: '3be42a81513e2b6f9e5c2961d4484756') in 0.020868 seconds 
  Import took 0.023345 seconds .

========================================================================
Received Import Request.
  Time since last request: 0.000433 seconds.
  path: Assets/SubProjects/PuzzleAssignment/Art/deurHeeftOokGevoelensHeur.png
  artifactKey: Guid(149c85882aa522f4fa425a5ab08fd728) Importer(815301076,1909f56bfc062723c751e8b465ee728b)
Start importing Assets/SubProjects/PuzzleAssignment/Art/deurHeeftOokGevoelensHeur.png using Guid(149c85882aa522f4fa425a5ab08fd728) Importer(815301076,1909f56bfc062723c751e8b465ee728b)  -> (artifact id: 'b4302ae803ebadba5c21a5ebd30e4ffe') in 0.018371 seconds 
  Import took 0.022100 seconds .

========================================================================
Received Import Request.
  Time since last request: 0.000271 seconds.
  path: Assets/SubProjects/PuzzleAssignment/Art/boris.png
  artifactKey: Guid(7af9f05e202885c42bc119f589498bce) Importer(815301076,1909f56bfc062723c751e8b465ee728b)
Start importing Assets/SubProjects/PuzzleAssignment/Art/boris.png using Guid(7af9f05e202885c42bc119f589498bce) Importer(815301076,1909f56bfc062723c751e8b465ee728b)  -> (artifact id: '87aa61ce24de670b20036e99985de4c2') in 0.019821 seconds 
  Import took 0.023538 seconds .

========================================================================
Received Import Request.
  Time since last request: 0.000328 seconds.
  path: Assets/SubProjects/PuzzleAssignment/Art/kwiw.png
  artifactKey: Guid(aa655119c4c90e24b9c4ab6f73a1f578) Importer(815301076,1909f56bfc062723c751e8b465ee728b)
Start importing Assets/SubProjects/PuzzleAssignment/Art/kwiw.png using Guid(aa655119c4c90e24b9c4ab6f73a1f578) Importer(815301076,1909f56bfc062723c751e8b465ee728b)  -> (artifact id: 'e5ca77144735a0d79d155fef0107c3d3') in 0.021676 seconds 
  Import took 0.025790 seconds .

========================================================================
Received Import Request.
  Time since last request: 0.000394 seconds.
  path: Assets/SubProjects/PuzzleAssignment/Art/blije_boris.png
  artifactKey: Guid(13800e61dea750e4e81d53ae57668078) Importer(815301076,1909f56bfc062723c751e8b465ee728b)
Start importing Assets/SubProjects/PuzzleAssignment/Art/blije_boris.png using Guid(13800e61dea750e4e81d53ae57668078) Importer(815301076,1909f56bfc062723c751e8b465ee728b)  -> (artifact id: '27ff12bc5b15923c340355fcb95c6131') in 0.023485 seconds 
  Import took 0.028268 seconds .

========================================================================
Received Import Request.
  Time since last request: 0.000337 seconds.
  path: Assets/SubProjects/PuzzleAssignment/Art/flag.png
  artifactKey: Guid(adca61f55acef1a43b587f3060950f0f) Importer(815301076,1909f56bfc062723c751e8b465ee728b)
Start importing Assets/SubProjects/PuzzleAssignment/Art/flag.png using Guid(adca61f55acef1a43b587f3060950f0f) Importer(815301076,1909f56bfc062723c751e8b465ee728b)  -> (artifact id: '3120fa40b6d61c314e20f704e8184632') in 0.019857 seconds 
  Import took 0.024626 seconds .

========================================================================
Received Import Request.
  Time since last request: 0.000444 seconds.
  path: Assets/SubProjects/PuzzleAssignment/Art/mixblender.png
  artifactKey: Guid(70baf8476e37faf4babfcedf91d8f95d) Importer(815301076,1909f56bfc062723c751e8b465ee728b)
Start importing Assets/SubProjects/PuzzleAssignment/Art/mixblender.png using Guid(70baf8476e37faf4babfcedf91d8f95d) Importer(815301076,1909f56bfc062723c751e8b465ee728b)  -> (artifact id: '2199069a19ffaff3214fe8999ff754b0') in 0.023261 seconds 
  Import took 0.026989 seconds .

========================================================================
Received Import Request.
  Time since last request: 0.000413 seconds.
  path: Assets/SubProjects/PuzzleAssignment/Art/noodln 1.png
  artifactKey: Guid(f9aee355f1758ef44b6ea16d327692e6) Importer(815301076,1909f56bfc062723c751e8b465ee728b)
Start importing Assets/SubProjects/PuzzleAssignment/Art/noodln 1.png using Guid(f9aee355f1758ef44b6ea16d327692e6) Importer(815301076,1909f56bfc062723c751e8b465ee728b)  -> (artifact id: '53a90bb0c86a5166f8fcc0e388d1d551') in 0.018816 seconds 
  Import took 0.023474 seconds .

========================================================================
Received Import Request.
  Time since last request: 0.000449 seconds.
  path: Assets/SubProjects/PuzzleAssignment/Art/bedroom.png
  artifactKey: Guid(ee0f456c7cad53a439d112196c73e6f4) Importer(815301076,1909f56bfc062723c751e8b465ee728b)
Start importing Assets/SubProjects/PuzzleAssignment/Art/bedroom.png using Guid(ee0f456c7cad53a439d112196c73e6f4) Importer(815301076,1909f56bfc062723c751e8b465ee728b)  -> (artifact id: '69a10b7c7607bb49a1fb8f0a59d8798a') in 0.025694 seconds 
  Import took 0.029421 seconds .

========================================================================
Received Import Request.
  Time since last request: 0.000487 seconds.
  path: Assets/SubProjects/PuzzleAssignment/Art/milk.png
  artifactKey: Guid(cc4d86afbe9240840b3233a3f1c36bfc) Importer(815301076,1909f56bfc062723c751e8b465ee728b)
Start importing Assets/SubProjects/PuzzleAssignment/Art/milk.png using Guid(cc4d86afbe9240840b3233a3f1c36bfc) Importer(815301076,1909f56bfc062723c751e8b465ee728b)  -> (artifact id: '555bcdb033580cfb14a03e658c62248b') in 0.030631 seconds 
  Import took 0.033520 seconds .

========================================================================
Received Import Request.
  Time since last request: 0.000327 seconds.
  path: Assets/SubProjects/PuzzleAssignment/Art/meat.png
  artifactKey: Guid(bdf2ab6b0bb5b1f4d986dc09150948af) Importer(815301076,1909f56bfc062723c751e8b465ee728b)
Start importing Assets/SubProjects/PuzzleAssignment/Art/meat.png using Guid(bdf2ab6b0bb5b1f4d986dc09150948af) Importer(815301076,1909f56bfc062723c751e8b465ee728b)  -> (artifact id: '7054231cbe564bf043f11b3e8dcac844') in 0.034451 seconds 
  Import took 0.038755 seconds .

========================================================================
Received Import Request.
  Time since last request: 0.000550 seconds.
  path: Assets/SubProjects/PuzzleAssignment/Art/schattigeBoris.png
  artifactKey: Guid(758141ed38aff544e9273337588f87dc) Importer(815301076,1909f56bfc062723c751e8b465ee728b)
Start importing Assets/SubProjects/PuzzleAssignment/Art/schattigeBoris.png using Guid(758141ed38aff544e9273337588f87dc) Importer(815301076,1909f56bfc062723c751e8b465ee728b)  -> (artifact id: 'afd9fda791ac78618ca002538d2ac771') in 0.022684 seconds 
  Import took 0.027477 seconds .

========================================================================
Received Import Request.
  Time since last request: 0.000415 seconds.
  path: Assets/SubProjects/PuzzleAssignment/Art/mand.png
  artifactKey: Guid(f2f62e57d1ea3b04d98ea5dfafc5b915) Importer(815301076,1909f56bfc062723c751e8b465ee728b)
Start importing Assets/SubProjects/PuzzleAssignment/Art/mand.png using Guid(f2f62e57d1ea3b04d98ea5dfafc5b915) Importer(815301076,1909f56bfc062723c751e8b465ee728b)  -> (artifact id: 'ad68947bdd5c740eb6db04f01f15dd19') in 0.026328 seconds 
  Import took 0.030126 seconds .

========================================================================
Received Import Request.
  Time since last request: 0.000300 seconds.
  path: Assets/SubProjects/PuzzleAssignment/Art/groeneCirkelslecht.png
  artifactKey: Guid(a5b0116fa25bfb242b5d1239546843a0) Importer(815301076,1909f56bfc062723c751e8b465ee728b)
Start importing Assets/SubProjects/PuzzleAssignment/Art/groeneCirkelslecht.png using Guid(a5b0116fa25bfb242b5d1239546843a0) Importer(815301076,1909f56bfc062723c751e8b465ee728b)  -> (artifact id: '73ef8d174c7ea95bba7d008ab67ae58b') in 0.019430 seconds 
  Import took 0.023352 seconds .

========================================================================
Received Import Request.
  Time since last request: 0.000487 seconds.
  path: Assets/SubProjects/PuzzleAssignment/Art/painting painting.png
  artifactKey: Guid(5c25cf70088e86743b833af1bba85dec) Importer(815301076,1909f56bfc062723c751e8b465ee728b)
Start importing Assets/SubProjects/PuzzleAssignment/Art/painting painting.png using Guid(5c25cf70088e86743b833af1bba85dec) Importer(815301076,1909f56bfc062723c751e8b465ee728b)  -> (artifact id: '337d5ebf5bff433dbf8406aa0f32ceb4') in 0.030249 seconds 
  Import took 0.033904 seconds .

========================================================================
Received Import Request.
  Time since last request: 0.000209 seconds.
  path: Assets/SubProjects/PuzzleAssignment/Art/kitchenCabinet.png
  artifactKey: Guid(59a5ee1bbd9376a42935d5372eb7a5a3) Importer(815301076,1909f56bfc062723c751e8b465ee728b)
Start importing Assets/SubProjects/PuzzleAssignment/Art/kitchenCabinet.png using Guid(59a5ee1bbd9376a42935d5372eb7a5a3) Importer(815301076,1909f56bfc062723c751e8b465ee728b)  -> (artifact id: '254eb22bc50dddede0a189f86180db1b') in 0.024931 seconds 
  Import took 0.028656 seconds .

========================================================================
Received Import Request.
  Time since last request: 0.000360 seconds.
  path: Assets/SubProjects/PuzzleAssignment/Art/cucumber 1.png
  artifactKey: Guid(ebf6176089e603149afbb92ba2e8c75e) Importer(815301076,1909f56bfc062723c751e8b465ee728b)
Start importing Assets/SubProjects/PuzzleAssignment/Art/cucumber 1.png using Guid(ebf6176089e603149afbb92ba2e8c75e) Importer(815301076,1909f56bfc062723c751e8b465ee728b)  -> (artifact id: '44d1cf6774635de4250726b83fc672ea') in 0.012706 seconds 
  Import took 0.015115 seconds .

========================================================================
Received Import Request.
  Time since last request: 0.000292 seconds.
  path: Assets/SubProjects/PuzzleAssignment/Art/directionArrow.png
  artifactKey: Guid(41c13cbad5411b748bba86b251d9ff0d) Importer(815301076,1909f56bfc062723c751e8b465ee728b)
Start importing Assets/SubProjects/PuzzleAssignment/Art/directionArrow.png using Guid(41c13cbad5411b748bba86b251d9ff0d) Importer(815301076,1909f56bfc062723c751e8b465ee728b)  -> (artifact id: '2594ceace921cb029e7b32c93fe4a963') in 0.017579 seconds 
  Import took 0.020896 seconds .

========================================================================
Received Import Request.
  Time since last request: 0.000246 seconds.
  path: Assets/SubProjects/PuzzleAssignment/Art/nog_een_keer.png
  artifactKey: Guid(6c0d89c36d1b4ac4e8c940f74781afe8) Importer(815301076,1909f56bfc062723c751e8b465ee728b)
Start importing Assets/SubProjects/PuzzleAssignment/Art/nog_een_keer.png using Guid(6c0d89c36d1b4ac4e8c940f74781afe8) Importer(815301076,1909f56bfc062723c751e8b465ee728b)  -> (artifact id: 'b0767861367eda469a173cca417d9ca5') in 0.024491 seconds 
  Import took 0.028762 seconds .

========================================================================
Received Import Request.
  Time since last request: 0.000333 seconds.
  path: Assets/SubProjects/PuzzleAssignment/Art/aplpe.png
  artifactKey: Guid(0b954413b23c537489468f8efffd2dd9) Importer(815301076,1909f56bfc062723c751e8b465ee728b)
Start importing Assets/SubProjects/PuzzleAssignment/Art/aplpe.png using Guid(0b954413b23c537489468f8efffd2dd9) Importer(815301076,1909f56bfc062723c751e8b465ee728b)  -> (artifact id: '4a2f3d6050aaf0fa7c7b64fb37701081') in 0.021152 seconds 
  Import took 0.024722 seconds .

========================================================================
Received Import Request.
  Time since last request: 0.000347 seconds.
  path: Assets/SubProjects/PuzzleAssignment/Art/byoband.png
  artifactKey: Guid(534922d82c1564444821509a6b9126c1) Importer(815301076,1909f56bfc062723c751e8b465ee728b)
Start importing Assets/SubProjects/PuzzleAssignment/Art/byoband.png using Guid(534922d82c1564444821509a6b9126c1) Importer(815301076,1909f56bfc062723c751e8b465ee728b)  -> (artifact id: '933a54757b6bfb43fd2e58c0d419df22') in 0.019613 seconds 
  Import took 0.022344 seconds .

========================================================================
Received Import Request.
  Time since last request: 0.000298 seconds.
  path: Assets/SubProjects/PuzzleAssignment/Art/painting.png
  artifactKey: Guid(2943d0ff93a342241bce35f1f4da5d4a) Importer(815301076,1909f56bfc062723c751e8b465ee728b)
Start importing Assets/SubProjects/PuzzleAssignment/Art/painting.png using Guid(2943d0ff93a342241bce35f1f4da5d4a) Importer(815301076,1909f56bfc062723c751e8b465ee728b)  -> (artifact id: '4d6a5bc174177ff11e1331f254134527') in 0.017493 seconds 
  Import took 0.020144 seconds .

========================================================================
Received Import Request.
  Time since last request: 2.717571 seconds.
  path: Assets/SubProjects/MainAssignment/Art/Puzzel 1 art/BLENDER.png
  artifactKey: Guid(59d1b13667adb01459479b3f6a838932) Importer(815301076,1909f56bfc062723c751e8b465ee728b)
Start importing Assets/SubProjects/MainAssignment/Art/Puzzel 1 art/BLENDER.png using Guid(59d1b13667adb01459479b3f6a838932) Importer(815301076,1909f56bfc062723c751e8b465ee728b)  -> (artifact id: '8ead5d7e34e45a45622a641a2ac7486d') in 0.013891 seconds 
  Import took 0.017020 seconds .

========================================================================
Received Import Request.
  Time since last request: 11.272446 seconds.
  path: Assets/SubProjects/MainAssignment/Art/Puzzel 1 art/BLENDER.png
  artifactKey: Guid(59d1b13667adb01459479b3f6a838932) Importer(815301076,1909f56bfc062723c751e8b465ee728b)
Start importing Assets/SubProjects/MainAssignment/Art/Puzzel 1 art/BLENDER.png using Guid(59d1b13667adb01459479b3f6a838932) Importer(815301076,1909f56bfc062723c751e8b465ee728b)  -> (artifact id: '88f8a3899de459caefc56bc5a96469f1') in 0.021601 seconds 
  Import took 0.025020 seconds .

========================================================================
Received Import Request.
  Time since last request: 72.151734 seconds.
  path: Assets/SubProjects/MainAssignment/Scenes/Puzzel1/Puzzel 1 Greet.unity
  artifactKey: Guid(0695c9d1b1e80384db36df38e53f3549) Importer(815301076,1909f56bfc062723c751e8b465ee728b)
Start importing Assets/SubProjects/MainAssignment/Scenes/Puzzel1/Puzzel 1 Greet.unity using Guid(0695c9d1b1e80384db36df38e53f3549) Importer(815301076,1909f56bfc062723c751e8b465ee728b)  -> (artifact id: 'd1d97a2e90643297a58497529509d694') in 0.002819 seconds 
  Import took 0.005857 seconds .

========================================================================
Received Import Request.
  Time since last request: 17.751555 seconds.
  path: Assets/SubProjects/MainAssignment/Art/Puzzel 1 art/BLENDER.png
  artifactKey: Guid(59d1b13667adb01459479b3f6a838932) Importer(815301076,1909f56bfc062723c751e8b465ee728b)
Start importing Assets/SubProjects/MainAssignment/Art/Puzzel 1 art/BLENDER.png using Guid(59d1b13667adb01459479b3f6a838932) Importer(815301076,1909f56bfc062723c751e8b465ee728b)  -> (artifact id: 'ef0fffb1577ff529a94127767350a0c4') in 0.013455 seconds 
  Import took 0.016649 seconds .

========================================================================
Received Import Request.
  Time since last request: 298.169039 seconds.
  path: Assets/SubProjects/MainAssignment/Scenes/Puzzel1/Puzzel 1 Greet.unity
  artifactKey: Guid(0695c9d1b1e80384db36df38e53f3549) Importer(815301076,1909f56bfc062723c751e8b465ee728b)
Start importing Assets/SubProjects/MainAssignment/Scenes/Puzzel1/Puzzel 1 Greet.unity using Guid(0695c9d1b1e80384db36df38e53f3549) Importer(815301076,1909f56bfc062723c751e8b465ee728b)  -> (artifact id: '3862706e882babdb6368be23e14cda2c') in 0.005826 seconds 
  Import took 0.009097 seconds .

========================================================================
Received Prepare
Registering precompiled user dll's ...
Registered in 0.003393 seconds.
Begin MonoManager ReloadAssembly
Native extension for WindowsStandalone target not found
Native extension for WebGL target not found
Refreshing native plugins compatible for Editor in 0.39 ms, found 2 plugins.
Preloading 0 native plugins for Editor in 0.00 ms.
Mono: successfully reloaded assembly
- Completed reload, in  1.353 seconds
Domain Reload Profiling:
	ReloadAssembly (1354ms)
		BeginReloadAssembly (143ms)
			ExecutionOrderSort (0ms)
			DisableScriptedObjects (6ms)
			BackupInstance (0ms)
			ReleaseScriptingObjects (0ms)
			CreateAndSetChildDomain (40ms)
		EndReloadAssembly (1121ms)
			LoadAssemblies (116ms)
			RebuildTransferFunctionScriptingTraits (0ms)
			SetupTypeCache (398ms)
			ReleaseScriptCaches (1ms)
			RebuildScriptCaches (56ms)
			SetupLoadedEditorAssemblies (399ms)
				LogAssemblyErrors (0ms)
				InitializePlatformSupportModulesInManaged (8ms)
				SetLoadedEditorAssemblies (1ms)
				RefreshPlugins (0ms)
				BeforeProcessingInitializeOnLoad (104ms)
				ProcessInitializeOnLoadAttributes (272ms)
				ProcessInitializeOnLoadMethodAttributes (4ms)
				AfterProcessingInitializeOnLoad (9ms)
				EditorAssembliesLoaded (0ms)
			ExecutionOrderSort2 (0ms)
			AwakeInstancesAfterBackupRestoration (8ms)
Platform modules already initialized, skipping
Refreshing native plugins compatible for Editor in 0.40 ms, found 2 plugins.
Preloading 0 native plugins for Editor in 0.00 ms.
Unloading 1433 Unused Serialized files (Serialized files now loaded: 0)
System memory in use before: 69.8 MB.
System memory in use after: 69.9 MB.

Unloading 11 unused Assets to reduce memory usage. Loaded Objects now: 1903.
Total: 3.333000 ms (FindLiveObjects: 0.173000 ms CreateObjectMapping: 0.088000 ms MarkObjects: 3.054400 ms  DeleteObjects: 0.016700 ms)

AssetImportParameters requested are different than current active one (requested -> active):
  custom:framework-win-MediaFoundation: 216162199b28c13a410421893ffa2e32 -> 
  custom:video-decoder-ogg-theora: a1e56fd34408186e4bbccfd4996cb3dc -> 
  custom:container-muxer-webm: aa71ff27fc2769a1b78a27578f13a17b -> 
  custom:container-demuxer-webm: 4f35f7cbe854078d1ac9338744f61a02 -> 
  custom:container-demuxer-ogg: 62fdf1f143b41e24485cea50d1cbac27 -> 
  custom:video-encoder-webm-vp8: eb34c28f22e8b96e1ab97ce403110664 -> 
  custom:video-codec-MediaFoundation-h265: 746d11721c4dcdbdad8f713fa42b33f4 -> 
  custom:video-decoder-webm-vp8: 9c59270c3fd7afecdb556c50c9e8de78 -> 
  custom:audio-decoder-ogg-vorbis: bf7c407c2cedff20999df2af8eb42d56 -> 
  custom:audio-encoder-webm-vorbis: bf7c407c2cedff20999df2af8eb42d56 -> 
